[2023-04-27T00:55:52.691+0000] {manager.py:487} INFO - Processing files using up to 2 processes at a time 
[2023-04-27T00:55:52.692+0000] {manager.py:488} INFO - Process each file at most once every 30 seconds
[2023-04-27T00:55:52.692+0000] {manager.py:490} INFO - Checking for new files in /opt/airflow/dags every 300 seconds
[2023-04-27T00:55:52.693+0000] {manager.py:736} INFO - Searching for files in /opt/airflow/dags
[2023-04-27T00:55:52.695+0000] {manager.py:739} INFO - There are 0 files in /opt/airflow/dags
[2023-04-27T00:58:02.444+0000] {manager.py:469} INFO - Exiting gracefully upon receiving signal 15
[2023-04-30T18:48:55.550+0000] {manager.py:487} INFO - Processing files using up to 2 processes at a time 
[2023-04-30T18:48:55.562+0000] {manager.py:488} INFO - Process each file at most once every 30 seconds
[2023-04-30T18:48:55.562+0000] {manager.py:490} INFO - Checking for new files in /opt/airflow/dags every 300 seconds
[2023-04-30T18:48:55.563+0000] {manager.py:736} INFO - Searching for files in /opt/airflow/dags
[2023-04-30T18:48:55.565+0000] {manager.py:739} INFO - There are 1 files in /opt/airflow/dags
[2023-04-30T18:48:55.620+0000] {manager.py:864} INFO - 
================================================================================
DAG File Processing Stats

File Path                               PID  Runtime      # DAGs    # Errors  Last Runtime    Last Run
------------------------------------  -----  ---------  --------  ----------  --------------  ----------
/opt/airflow/dags/dag-airbyte-dbt.py    144  0.03s             0           0
================================================================================
[2023-04-30T18:49:25.750+0000] {manager.py:864} INFO - 
================================================================================
DAG File Processing Stats

File Path                               PID  Runtime      # DAGs    # Errors  Last Runtime    Last Run
------------------------------------  -----  ---------  --------  ----------  --------------  -------------------
/opt/airflow/dags/dag-airbyte-dbt.py    152  0.01s             0           1  0.04s           2023-04-30T18:48:55
================================================================================
[2023-04-30T18:49:55.882+0000] {manager.py:864} INFO - 
================================================================================
DAG File Processing Stats

File Path                               PID  Runtime      # DAGs    # Errors  Last Runtime    Last Run
------------------------------------  -----  ---------  --------  ----------  --------------  -------------------
/opt/airflow/dags/dag-airbyte-dbt.py    160  0.01s             0           1  0.04s           2023-04-30T18:49:25
================================================================================
[2023-04-30T18:50:26.012+0000] {manager.py:864} INFO - 
================================================================================
DAG File Processing Stats

File Path                               PID  Runtime      # DAGs    # Errors  Last Runtime    Last Run
------------------------------------  -----  ---------  --------  ----------  --------------  -------------------
/opt/airflow/dags/dag-airbyte-dbt.py    168  0.01s             0           1  0.03s           2023-04-30T18:49:55
================================================================================
[2023-04-30T18:50:56.143+0000] {manager.py:864} INFO - 
================================================================================
DAG File Processing Stats

File Path                               PID  Runtime      # DAGs    # Errors  Last Runtime    Last Run
------------------------------------  -----  ---------  --------  ----------  --------------  -------------------
/opt/airflow/dags/dag-airbyte-dbt.py    176  0.01s             0           1  0.04s           2023-04-30T18:50:26
================================================================================
[2023-04-30T18:51:26.386+0000] {manager.py:864} INFO - 
================================================================================
DAG File Processing Stats

File Path                               PID  Runtime      # DAGs    # Errors  Last Runtime    Last Run
------------------------------------  -----  ---------  --------  ----------  --------------  -------------------
/opt/airflow/dags/dag-airbyte-dbt.py    184  0.01s             0           1  0.06s           2023-04-30T18:50:56
================================================================================
[2023-04-30T18:51:56.582+0000] {manager.py:864} INFO - 
================================================================================
DAG File Processing Stats

File Path                               PID  Runtime      # DAGs    # Errors  Last Runtime    Last Run
------------------------------------  -----  ---------  --------  ----------  --------------  -------------------
/opt/airflow/dags/dag-airbyte-dbt.py    192  0.01s             0           1  0.05s           2023-04-30T18:51:26
================================================================================
[2023-04-30T18:52:26.759+0000] {manager.py:864} INFO - 
================================================================================
DAG File Processing Stats

File Path                               PID  Runtime      # DAGs    # Errors  Last Runtime    Last Run
------------------------------------  -----  ---------  --------  ----------  --------------  -------------------
/opt/airflow/dags/dag-airbyte-dbt.py    200  0.01s             0           1  0.07s           2023-04-30T18:51:56
================================================================================
[2023-04-30T18:52:56.886+0000] {manager.py:864} INFO - 
================================================================================
DAG File Processing Stats

File Path                               PID  Runtime      # DAGs    # Errors  Last Runtime    Last Run
------------------------------------  -----  ---------  --------  ----------  --------------  -------------------
/opt/airflow/dags/dag-airbyte-dbt.py    208  0.01s             0           1  0.04s           2023-04-30T18:52:26
================================================================================
[2023-04-30T18:53:27.019+0000] {manager.py:864} INFO - 
================================================================================
DAG File Processing Stats

File Path                               PID  Runtime      # DAGs    # Errors  Last Runtime    Last Run
------------------------------------  -----  ---------  --------  ----------  --------------  -------------------
/opt/airflow/dags/dag-airbyte-dbt.py    216  0.01s             0           1  0.04s           2023-04-30T18:52:56
================================================================================
[2023-04-30T18:53:56.262+0000] {manager.py:736} INFO - Searching for files in /opt/airflow/dags
[2023-04-30T18:53:56.263+0000] {manager.py:739} INFO - There are 1 files in /opt/airflow/dags
[2023-04-30T18:53:57.276+0000] {manager.py:864} INFO - 
================================================================================
DAG File Processing Stats

File Path                             PID    Runtime      # DAGs    # Errors  Last Runtime    Last Run
------------------------------------  -----  ---------  --------  ----------  --------------  -------------------
/opt/airflow/dags/dag-airbyte-dbt.py                           0           1  0.04s           2023-04-30T18:53:52
================================================================================
[2023-04-30T18:54:27.441+0000] {manager.py:864} INFO - 
================================================================================
DAG File Processing Stats

File Path                             PID    Runtime      # DAGs    # Errors  Last Runtime    Last Run
------------------------------------  -----  ---------  --------  ----------  --------------  -------------------
/opt/airflow/dags/dag-airbyte-dbt.py                           0           1  0.03s           2023-04-30T18:54:26
================================================================================
[2023-04-30T18:54:57.679+0000] {manager.py:864} INFO - 
================================================================================
DAG File Processing Stats

File Path                             PID    Runtime      # DAGs    # Errors  Last Runtime    Last Run
------------------------------------  -----  ---------  --------  ----------  --------------  -------------------
/opt/airflow/dags/dag-airbyte-dbt.py                           0           1  0.07s           2023-04-30T18:54:45
================================================================================
[2023-04-30T18:55:27.847+0000] {manager.py:864} INFO - 
================================================================================
DAG File Processing Stats

File Path                             PID    Runtime      # DAGs    # Errors  Last Runtime    Last Run
------------------------------------  -----  ---------  --------  ----------  --------------  -------------------
/opt/airflow/dags/dag-airbyte-dbt.py                           1           0  0.29s           2023-04-30T18:55:12
================================================================================
[2023-04-30T18:55:58.304+0000] {manager.py:864} INFO - 
================================================================================
DAG File Processing Stats

File Path                             PID    Runtime      # DAGs    # Errors  Last Runtime    Last Run
------------------------------------  -----  ---------  --------  ----------  --------------  -------------------
/opt/airflow/dags/dag-airbyte-dbt.py                           1           0  0.11s           2023-04-30T18:55:42
================================================================================
[2023-04-30T18:56:28.512+0000] {manager.py:864} INFO - 
================================================================================
DAG File Processing Stats

File Path                             PID    Runtime      # DAGs    # Errors  Last Runtime    Last Run
------------------------------------  -----  ---------  --------  ----------  --------------  -------------------
/opt/airflow/dags/dag-airbyte-dbt.py                           1           0  0.11s           2023-04-30T18:56:12
================================================================================
[2023-04-30T18:56:58.640+0000] {manager.py:864} INFO - 
================================================================================
DAG File Processing Stats

File Path                             PID    Runtime      # DAGs    # Errors  Last Runtime    Last Run
------------------------------------  -----  ---------  --------  ----------  --------------  -------------------
/opt/airflow/dags/dag-airbyte-dbt.py                           1           0  0.10s           2023-04-30T18:56:42
================================================================================
[2023-04-30T18:57:28.827+0000] {manager.py:864} INFO - 
================================================================================
DAG File Processing Stats

File Path                             PID    Runtime      # DAGs    # Errors  Last Runtime    Last Run
------------------------------------  -----  ---------  --------  ----------  --------------  -------------------
/opt/airflow/dags/dag-airbyte-dbt.py                           1           0  0.11s           2023-04-30T18:57:12
================================================================================
[2023-04-30T18:57:58.992+0000] {manager.py:864} INFO - 
================================================================================
DAG File Processing Stats

File Path                             PID    Runtime      # DAGs    # Errors  Last Runtime    Last Run
------------------------------------  -----  ---------  --------  ----------  --------------  -------------------
/opt/airflow/dags/dag-airbyte-dbt.py                           1           0  0.11s           2023-04-30T18:57:43
================================================================================
[2023-04-30T18:58:29.118+0000] {manager.py:864} INFO - 
================================================================================
DAG File Processing Stats

File Path                             PID    Runtime      # DAGs    # Errors  Last Runtime    Last Run
------------------------------------  -----  ---------  --------  ----------  --------------  -------------------
/opt/airflow/dags/dag-airbyte-dbt.py                           1           0  0.11s           2023-04-30T18:58:13
================================================================================
[2023-04-30T18:58:56.298+0000] {manager.py:736} INFO - Searching for files in /opt/airflow/dags
[2023-04-30T18:58:56.299+0000] {manager.py:739} INFO - There are 1 files in /opt/airflow/dags
[2023-04-30T18:58:59.320+0000] {manager.py:864} INFO - 
================================================================================
DAG File Processing Stats

File Path                             PID    Runtime      # DAGs    # Errors  Last Runtime    Last Run
------------------------------------  -----  ---------  --------  ----------  --------------  -------------------
/opt/airflow/dags/dag-airbyte-dbt.py                           1           0  0.12s           2023-04-30T18:58:43
================================================================================
[2023-04-30T18:59:29.508+0000] {manager.py:864} INFO - 
================================================================================
DAG File Processing Stats

File Path                             PID    Runtime      # DAGs    # Errors  Last Runtime    Last Run
------------------------------------  -----  ---------  --------  ----------  --------------  -------------------
/opt/airflow/dags/dag-airbyte-dbt.py                           1           0  0.11s           2023-04-30T18:59:08
================================================================================
[2023-04-30T18:59:59.740+0000] {manager.py:864} INFO - 
================================================================================
DAG File Processing Stats

File Path                             PID    Runtime      # DAGs    # Errors  Last Runtime    Last Run
------------------------------------  -----  ---------  --------  ----------  --------------  -------------------
/opt/airflow/dags/dag-airbyte-dbt.py                           1           0  0.12s           2023-04-30T18:59:38
================================================================================
[2023-04-30T19:00:29.878+0000] {manager.py:864} INFO - 
================================================================================
DAG File Processing Stats

File Path                             PID    Runtime      # DAGs    # Errors  Last Runtime    Last Run
------------------------------------  -----  ---------  --------  ----------  --------------  -------------------
/opt/airflow/dags/dag-airbyte-dbt.py                           1           0  0.10s           2023-04-30T19:00:08
================================================================================
[2023-04-30T19:01:00.222+0000] {manager.py:864} INFO - 
================================================================================
DAG File Processing Stats

File Path                             PID    Runtime      # DAGs    # Errors  Last Runtime    Last Run
------------------------------------  -----  ---------  --------  ----------  --------------  -------------------
/opt/airflow/dags/dag-airbyte-dbt.py                           1           0  0.51s           2023-04-30T19:00:39
================================================================================
[2023-04-30T19:01:30.617+0000] {manager.py:864} INFO - 
================================================================================
DAG File Processing Stats

File Path                             PID    Runtime      # DAGs    # Errors  Last Runtime    Last Run
------------------------------------  -----  ---------  --------  ----------  --------------  -------------------
/opt/airflow/dags/dag-airbyte-dbt.py                           1           0  0.18s           2023-04-30T19:01:17
================================================================================
[2023-04-30T19:02:00.767+0000] {manager.py:864} INFO - 
================================================================================
DAG File Processing Stats

File Path                             PID    Runtime      # DAGs    # Errors  Last Runtime    Last Run
------------------------------------  -----  ---------  --------  ----------  --------------  -------------------
/opt/airflow/dags/dag-airbyte-dbt.py                           1           0  0.12s           2023-04-30T19:01:47
================================================================================
[2023-04-30T19:02:30.979+0000] {manager.py:864} INFO - 
================================================================================
DAG File Processing Stats

File Path                             PID    Runtime      # DAGs    # Errors  Last Runtime    Last Run
------------------------------------  -----  ---------  --------  ----------  --------------  -------------------
/opt/airflow/dags/dag-airbyte-dbt.py                           1           0  0.11s           2023-04-30T19:02:17
================================================================================
[2023-04-30T19:03:01.188+0000] {manager.py:864} INFO - 
================================================================================
DAG File Processing Stats

File Path                             PID    Runtime      # DAGs    # Errors  Last Runtime    Last Run
------------------------------------  -----  ---------  --------  ----------  --------------  -------------------
/opt/airflow/dags/dag-airbyte-dbt.py                           1           0  0.12s           2023-04-30T19:02:48
================================================================================
